{"C:\\Users\\vernu\\Desktop\\react-application\\src\\App-context.tsx": {"path":"C:\\Users\\vernu\\Desktop\\react-application\\src\\App-context.tsx","all":false,"statementMap":{"0":{"start":{"line":1,"column":0},"end":{"line":1,"column":48}},"1":{"start":{"line":2,"column":0},"end":{"line":2,"column":8}},"2":{"start":{"line":3,"column":0},"end":{"line":3,"column":25}},"3":{"start":{"line":4,"column":0},"end":{"line":4,"column":15}},"4":{"start":{"line":5,"column":0},"end":{"line":5,"column":18}},"5":{"start":{"line":6,"column":0},"end":{"line":6,"column":23}},"6":{"start":{"line":7,"column":0},"end":{"line":7,"column":0}},"7":{"start":{"line":8,"column":0},"end":{"line":8,"column":77}},"8":{"start":{"line":9,"column":0},"end":{"line":9,"column":0}},"9":{"start":{"line":10,"column":0},"end":{"line":10,"column":45}},"10":{"start":{"line":11,"column":0},"end":{"line":11,"column":66}},"11":{"start":{"line":12,"column":0},"end":{"line":12,"column":75}},"12":{"start":{"line":13,"column":0},"end":{"line":13,"column":78}},"13":{"start":{"line":14,"column":0},"end":{"line":14,"column":61}},"14":{"start":{"line":15,"column":0},"end":{"line":15,"column":68}},"15":{"start":{"line":16,"column":0},"end":{"line":16,"column":67}},"16":{"start":{"line":17,"column":0},"end":{"line":17,"column":45}},"17":{"start":{"line":18,"column":0},"end":{"line":18,"column":4}},"18":{"start":{"line":19,"column":0},"end":{"line":19,"column":0}},"19":{"start":{"line":20,"column":0},"end":{"line":20,"column":17}},"20":{"start":{"line":21,"column":0},"end":{"line":21,"column":21}},"21":{"start":{"line":22,"column":0},"end":{"line":22,"column":24}},"22":{"start":{"line":23,"column":0},"end":{"line":23,"column":19}},"23":{"start":{"line":24,"column":0},"end":{"line":24,"column":22}},"24":{"start":{"line":25,"column":0},"end":{"line":25,"column":20}},"25":{"start":{"line":26,"column":0},"end":{"line":26,"column":23}},"26":{"start":{"line":27,"column":0},"end":{"line":27,"column":14}},"27":{"start":{"line":28,"column":0},"end":{"line":28,"column":17}},"28":{"start":{"line":29,"column":0},"end":{"line":29,"column":20}},"29":{"start":{"line":30,"column":0},"end":{"line":30,"column":23}},"30":{"start":{"line":31,"column":0},"end":{"line":31,"column":21}},"31":{"start":{"line":32,"column":0},"end":{"line":32,"column":24}},"32":{"start":{"line":33,"column":0},"end":{"line":33,"column":4}},"33":{"start":{"line":34,"column":0},"end":{"line":34,"column":0}},"34":{"start":{"line":35,"column":0},"end":{"line":35,"column":10}},"35":{"start":{"line":36,"column":0},"end":{"line":36,"column":77}},"36":{"start":{"line":37,"column":0},"end":{"line":37,"column":4}},"37":{"start":{"line":38,"column":0},"end":{"line":38,"column":2}},"38":{"start":{"line":39,"column":0},"end":{"line":39,"column":0}},"39":{"start":{"line":40,"column":0},"end":{"line":40,"column":26}}},"s":{"0":1,"1":1,"2":1,"3":1,"4":1,"5":1,"6":1,"7":1,"8":1,"9":1,"10":2,"11":2,"12":2,"13":2,"14":2,"15":2,"16":2,"17":2,"18":2,"19":2,"20":2,"21":2,"22":2,"23":2,"24":2,"25":2,"26":2,"27":2,"28":2,"29":2,"30":2,"31":2,"32":2,"33":2,"34":2,"35":2,"36":2,"37":2,"38":1,"39":1},"branchMap":{"0":{"type":"branch","line":10,"loc":{"start":{"line":10,"column":19},"end":{"line":38,"column":2}},"locations":[{"start":{"line":10,"column":19},"end":{"line":38,"column":2}}]}},"b":{"0":[2]},"fnMap":{"0":{"name":"AppContext","decl":{"start":{"line":10,"column":19},"end":{"line":38,"column":2}},"loc":{"start":{"line":10,"column":19},"end":{"line":38,"column":2}},"line":10}},"f":{"0":2}}
,"C:\\Users\\vernu\\Desktop\\react-application\\src\\App.tsx": {"path":"C:\\Users\\vernu\\Desktop\\react-application\\src\\App.tsx","all":false,"statementMap":{"0":{"start":{"line":1,"column":0},"end":{"line":1,"column":59}},"1":{"start":{"line":2,"column":0},"end":{"line":2,"column":19}},"2":{"start":{"line":3,"column":0},"end":{"line":3,"column":71}},"3":{"start":{"line":4,"column":0},"end":{"line":4,"column":0}},"4":{"start":{"line":5,"column":0},"end":{"line":5,"column":43}},"5":{"start":{"line":6,"column":0},"end":{"line":6,"column":53}},"6":{"start":{"line":7,"column":0},"end":{"line":7,"column":39}},"7":{"start":{"line":8,"column":0},"end":{"line":8,"column":49}},"8":{"start":{"line":9,"column":0},"end":{"line":9,"column":0}},"9":{"start":{"line":10,"column":0},"end":{"line":10,"column":19}},"10":{"start":{"line":11,"column":0},"end":{"line":11,"column":10}},"11":{"start":{"line":12,"column":0},"end":{"line":12,"column":19}},"12":{"start":{"line":13,"column":0},"end":{"line":13,"column":18}},"13":{"start":{"line":14,"column":0},"end":{"line":14,"column":29}},"14":{"start":{"line":15,"column":0},"end":{"line":15,"column":18}},"15":{"start":{"line":16,"column":0},"end":{"line":16,"column":67}},"16":{"start":{"line":17,"column":0},"end":{"line":17,"column":60}},"17":{"start":{"line":18,"column":0},"end":{"line":18,"column":20}},"18":{"start":{"line":19,"column":0},"end":{"line":19,"column":47}},"19":{"start":{"line":20,"column":0},"end":{"line":20,"column":42}},"20":{"start":{"line":21,"column":0},"end":{"line":21,"column":16}},"21":{"start":{"line":22,"column":0},"end":{"line":22,"column":20}},"22":{"start":{"line":23,"column":0},"end":{"line":23,"column":57}},"23":{"start":{"line":24,"column":0},"end":{"line":24,"column":19}},"24":{"start":{"line":25,"column":0},"end":{"line":25,"column":14}},"25":{"start":{"line":26,"column":0},"end":{"line":26,"column":19}},"26":{"start":{"line":27,"column":0},"end":{"line":27,"column":20}},"27":{"start":{"line":28,"column":0},"end":{"line":28,"column":4}},"28":{"start":{"line":29,"column":0},"end":{"line":29,"column":2}},"29":{"start":{"line":30,"column":0},"end":{"line":30,"column":0}},"30":{"start":{"line":31,"column":0},"end":{"line":31,"column":19}}},"s":{"0":1,"1":1,"2":1,"3":1,"4":1,"5":1,"6":1,"7":1,"8":1,"9":1,"10":1,"11":1,"12":1,"13":1,"14":1,"15":1,"16":1,"17":1,"18":1,"19":1,"20":1,"21":1,"22":1,"23":1,"24":1,"25":1,"26":1,"27":1,"28":1,"29":1,"30":1},"branchMap":{"0":{"type":"branch","line":10,"loc":{"start":{"line":10,"column":12},"end":{"line":29,"column":2}},"locations":[{"start":{"line":10,"column":12},"end":{"line":29,"column":2}}]}},"b":{"0":[1]},"fnMap":{"0":{"name":"App","decl":{"start":{"line":10,"column":12},"end":{"line":29,"column":2}},"loc":{"start":{"line":10,"column":12},"end":{"line":29,"column":2}},"line":10}},"f":{"0":1}}
,"C:\\Users\\vernu\\Desktop\\react-application\\src\\components\\error-boundary\\error-boundary.tsx": {"path":"C:\\Users\\vernu\\Desktop\\react-application\\src\\components\\error-boundary\\error-boundary.tsx","all":false,"statementMap":{"0":{"start":{"line":1,"column":0},"end":{"line":1,"column":63}},"1":{"start":{"line":2,"column":0},"end":{"line":2,"column":0}},"2":{"start":{"line":3,"column":0},"end":{"line":3,"column":17}},"3":{"start":{"line":4,"column":0},"end":{"line":4,"column":23}},"4":{"start":{"line":5,"column":0},"end":{"line":5,"column":1}},"5":{"start":{"line":6,"column":0},"end":{"line":6,"column":0}},"6":{"start":{"line":7,"column":0},"end":{"line":7,"column":17}},"7":{"start":{"line":8,"column":0},"end":{"line":8,"column":20}},"8":{"start":{"line":9,"column":0},"end":{"line":9,"column":1}},"9":{"start":{"line":10,"column":0},"end":{"line":10,"column":0}},"10":{"start":{"line":11,"column":0},"end":{"line":11,"column":53}},"11":{"start":{"line":12,"column":0},"end":{"line":12,"column":25}},"12":{"start":{"line":13,"column":0},"end":{"line":13,"column":20}},"13":{"start":{"line":14,"column":0},"end":{"line":14,"column":4}},"14":{"start":{"line":15,"column":0},"end":{"line":15,"column":0}},"15":{"start":{"line":16,"column":0},"end":{"line":16,"column":64}},"16":{"start":{"line":17,"column":0},"end":{"line":17,"column":55}},"17":{"start":{"line":18,"column":0},"end":{"line":18,"column":38}},"18":{"start":{"line":19,"column":0},"end":{"line":19,"column":3}},"19":{"start":{"line":20,"column":0},"end":{"line":20,"column":0}},"20":{"start":{"line":21,"column":0},"end":{"line":21,"column":19}},"21":{"start":{"line":22,"column":0},"end":{"line":22,"column":30}},"22":{"start":{"line":23,"column":0},"end":{"line":23,"column":59}},"23":{"start":{"line":24,"column":0},"end":{"line":24,"column":5}},"24":{"start":{"line":25,"column":0},"end":{"line":25,"column":0}},"25":{"start":{"line":26,"column":0},"end":{"line":26,"column":31}},"26":{"start":{"line":27,"column":0},"end":{"line":27,"column":3}},"27":{"start":{"line":28,"column":0},"end":{"line":28,"column":1}},"28":{"start":{"line":29,"column":0},"end":{"line":29,"column":0}},"29":{"start":{"line":30,"column":0},"end":{"line":30,"column":29}}},"s":{"0":1,"1":1,"2":1,"3":1,"4":1,"5":1,"6":1,"7":1,"8":1,"9":1,"10":1,"11":1,"12":1,"13":1,"14":1,"15":1,"16":0,"17":0,"18":0,"19":1,"20":1,"21":1,"22":0,"23":0,"24":1,"25":1,"26":1,"27":1,"28":1,"29":1},"branchMap":{"0":{"type":"branch","line":11,"loc":{"start":{"line":11,"column":0},"end":{"line":28,"column":1}},"locations":[{"start":{"line":11,"column":0},"end":{"line":28,"column":1}}]},"1":{"type":"branch","line":21,"loc":{"start":{"line":21,"column":9},"end":{"line":27,"column":3}},"locations":[{"start":{"line":21,"column":9},"end":{"line":27,"column":3}}]},"2":{"type":"branch","line":22,"loc":{"start":{"line":22,"column":29},"end":{"line":24,"column":5}},"locations":[{"start":{"line":22,"column":29},"end":{"line":24,"column":5}}]}},"b":{"0":[1],"1":[1],"2":[0]},"fnMap":{"0":{"name":"<instance_members_initializer>","decl":{"start":{"line":11,"column":0},"end":{"line":28,"column":1}},"loc":{"start":{"line":11,"column":0},"end":{"line":28,"column":1}},"line":11},"1":{"name":"componentDidCatch","decl":{"start":{"line":16,"column":9},"end":{"line":19,"column":3}},"loc":{"start":{"line":16,"column":9},"end":{"line":19,"column":3}},"line":16},"2":{"name":"render","decl":{"start":{"line":21,"column":9},"end":{"line":27,"column":3}},"loc":{"start":{"line":21,"column":9},"end":{"line":27,"column":3}},"line":21}},"f":{"0":1,"1":0,"2":1}}
,"C:\\Users\\vernu\\Desktop\\react-application\\src\\components\\error-button\\error-button.tsx": {"path":"C:\\Users\\vernu\\Desktop\\react-application\\src\\components\\error-button\\error-button.tsx","all":false,"statementMap":{"0":{"start":{"line":1,"column":0},"end":{"line":1,"column":33}},"1":{"start":{"line":2,"column":0},"end":{"line":2,"column":42}},"2":{"start":{"line":3,"column":0},"end":{"line":3,"column":0}},"3":{"start":{"line":4,"column":0},"end":{"line":4,"column":27}},"4":{"start":{"line":5,"column":0},"end":{"line":5,"column":63}},"5":{"start":{"line":6,"column":0},"end":{"line":6,"column":19}},"6":{"start":{"line":7,"column":0},"end":{"line":7,"column":37}},"7":{"start":{"line":8,"column":0},"end":{"line":8,"column":3}},"8":{"start":{"line":9,"column":0},"end":{"line":9,"column":10}},"9":{"start":{"line":10,"column":0},"end":{"line":10,"column":75}},"10":{"start":{"line":11,"column":0},"end":{"line":11,"column":21}},"11":{"start":{"line":12,"column":0},"end":{"line":12,"column":13}},"12":{"start":{"line":13,"column":0},"end":{"line":13,"column":4}},"13":{"start":{"line":14,"column":0},"end":{"line":14,"column":2}},"14":{"start":{"line":15,"column":0},"end":{"line":15,"column":0}},"15":{"start":{"line":16,"column":0},"end":{"line":16,"column":27}}},"s":{"0":1,"1":1,"2":1,"3":1,"4":13,"5":13,"6":4,"7":4,"8":8,"9":8,"10":8,"11":8,"12":8,"13":8,"14":1,"15":1},"branchMap":{"0":{"type":"branch","line":4,"loc":{"start":{"line":4,"column":20},"end":{"line":14,"column":2}},"locations":[{"start":{"line":4,"column":20},"end":{"line":14,"column":2}}]},"1":{"type":"branch","line":6,"loc":{"start":{"line":6,"column":18},"end":{"line":8,"column":3}},"locations":[{"start":{"line":6,"column":18},"end":{"line":8,"column":3}}]},"2":{"type":"branch","line":8,"loc":{"start":{"line":8,"column":2},"end":{"line":14,"column":2}},"locations":[{"start":{"line":8,"column":2},"end":{"line":14,"column":2}}]},"3":{"type":"branch","line":10,"loc":{"start":{"line":10,"column":48},"end":{"line":10,"column":75}},"locations":[{"start":{"line":10,"column":48},"end":{"line":10,"column":75}}]}},"b":{"0":[13],"1":[4],"2":[8],"3":[1]},"fnMap":{"0":{"name":"ErrorButton","decl":{"start":{"line":4,"column":20},"end":{"line":14,"column":2}},"loc":{"start":{"line":4,"column":20},"end":{"line":14,"column":2}},"line":4},"1":{"name":"onClick","decl":{"start":{"line":10,"column":48},"end":{"line":10,"column":75}},"loc":{"start":{"line":10,"column":48},"end":{"line":10,"column":75}},"line":10}},"f":{"0":13,"1":1}}
,"C:\\Users\\vernu\\Desktop\\react-application\\src\\components\\itemRangeChanger\\itemRangeChanger.tsx": {"path":"C:\\Users\\vernu\\Desktop\\react-application\\src\\components\\itemRangeChanger\\itemRangeChanger.tsx","all":false,"statementMap":{"0":{"start":{"line":1,"column":0},"end":{"line":1,"column":33}},"1":{"start":{"line":2,"column":0},"end":{"line":2,"column":47}},"2":{"start":{"line":3,"column":0},"end":{"line":3,"column":46}},"3":{"start":{"line":4,"column":0},"end":{"line":4,"column":0}},"4":{"start":{"line":5,"column":0},"end":{"line":5,"column":32}},"5":{"start":{"line":6,"column":0},"end":{"line":6,"column":33}},"6":{"start":{"line":7,"column":0},"end":{"line":7,"column":32}},"7":{"start":{"line":8,"column":0},"end":{"line":8,"column":27}},"8":{"start":{"line":9,"column":0},"end":{"line":9,"column":24}},"9":{"start":{"line":10,"column":0},"end":{"line":10,"column":70}},"10":{"start":{"line":11,"column":0},"end":{"line":11,"column":69}},"11":{"start":{"line":12,"column":0},"end":{"line":12,"column":41}},"12":{"start":{"line":13,"column":0},"end":{"line":13,"column":4}},"13":{"start":{"line":14,"column":0},"end":{"line":14,"column":34}},"14":{"start":{"line":15,"column":0},"end":{"line":15,"column":49}},"15":{"start":{"line":16,"column":0},"end":{"line":16,"column":50}},"16":{"start":{"line":17,"column":0},"end":{"line":17,"column":5}},"17":{"start":{"line":18,"column":0},"end":{"line":18,"column":4}},"18":{"start":{"line":19,"column":0},"end":{"line":19,"column":32}},"19":{"start":{"line":20,"column":0},"end":{"line":20,"column":45}},"20":{"start":{"line":21,"column":0},"end":{"line":21,"column":50}},"21":{"start":{"line":22,"column":0},"end":{"line":22,"column":5}},"22":{"start":{"line":23,"column":0},"end":{"line":23,"column":4}},"23":{"start":{"line":24,"column":0},"end":{"line":24,"column":0}},"24":{"start":{"line":25,"column":0},"end":{"line":25,"column":37}},"25":{"start":{"line":26,"column":0},"end":{"line":26,"column":64}},"26":{"start":{"line":27,"column":0},"end":{"line":27,"column":38}},"27":{"start":{"line":28,"column":0},"end":{"line":28,"column":4}},"28":{"start":{"line":29,"column":0},"end":{"line":29,"column":0}},"29":{"start":{"line":30,"column":0},"end":{"line":30,"column":10}},"30":{"start":{"line":31,"column":0},"end":{"line":31,"column":77}},"31":{"start":{"line":32,"column":0},"end":{"line":32,"column":69}},"32":{"start":{"line":33,"column":0},"end":{"line":33,"column":40}},"33":{"start":{"line":34,"column":0},"end":{"line":34,"column":12}},"34":{"start":{"line":35,"column":0},"end":{"line":35,"column":77}},"35":{"start":{"line":36,"column":0},"end":{"line":36,"column":23}},"36":{"start":{"line":37,"column":0},"end":{"line":37,"column":13}},"37":{"start":{"line":38,"column":0},"end":{"line":38,"column":36}},"38":{"start":{"line":39,"column":0},"end":{"line":39,"column":15}},"39":{"start":{"line":40,"column":0},"end":{"line":40,"column":67}},"40":{"start":{"line":41,"column":0},"end":{"line":41,"column":29}},"41":{"start":{"line":42,"column":0},"end":{"line":42,"column":12}},"42":{"start":{"line":43,"column":0},"end":{"line":43,"column":12}},"43":{"start":{"line":44,"column":0},"end":{"line":44,"column":76}},"44":{"start":{"line":45,"column":0},"end":{"line":45,"column":26}},"45":{"start":{"line":46,"column":0},"end":{"line":46,"column":13}},"46":{"start":{"line":47,"column":0},"end":{"line":47,"column":34}},"47":{"start":{"line":48,"column":0},"end":{"line":48,"column":15}},"48":{"start":{"line":49,"column":0},"end":{"line":49,"column":12}},"49":{"start":{"line":50,"column":0},"end":{"line":50,"column":13}},"50":{"start":{"line":51,"column":0},"end":{"line":51,"column":36}},"51":{"start":{"line":52,"column":0},"end":{"line":52,"column":31}},"52":{"start":{"line":53,"column":0},"end":{"line":53,"column":36}},"53":{"start":{"line":54,"column":0},"end":{"line":54,"column":7}},"54":{"start":{"line":55,"column":0},"end":{"line":55,"column":15}},"55":{"start":{"line":56,"column":0},"end":{"line":56,"column":15}},"56":{"start":{"line":57,"column":0},"end":{"line":57,"column":10}},"57":{"start":{"line":58,"column":0},"end":{"line":58,"column":4}},"58":{"start":{"line":59,"column":0},"end":{"line":59,"column":2}},"59":{"start":{"line":60,"column":0},"end":{"line":60,"column":32}}},"s":{"0":1,"1":1,"2":1,"3":1,"4":1,"5":11,"6":11,"7":11,"8":11,"9":11,"10":11,"11":11,"12":11,"13":11,"14":0,"15":0,"16":0,"17":0,"18":11,"19":0,"20":0,"21":0,"22":0,"23":11,"24":11,"25":2,"26":2,"27":2,"28":11,"29":11,"30":11,"31":11,"32":11,"33":11,"34":11,"35":11,"36":11,"37":11,"38":11,"39":11,"40":11,"41":11,"42":11,"43":11,"44":11,"45":11,"46":11,"47":11,"48":11,"49":11,"50":11,"51":11,"52":11,"53":11,"54":11,"55":11,"56":11,"57":11,"58":11,"59":1},"branchMap":{"0":{"type":"branch","line":5,"loc":{"start":{"line":5,"column":25},"end":{"line":59,"column":2}},"locations":[{"start":{"line":5,"column":25},"end":{"line":59,"column":2}}]},"1":{"type":"branch","line":12,"loc":{"start":{"line":12,"column":4},"end":{"line":12,"column":41}},"locations":[{"start":{"line":12,"column":4},"end":{"line":12,"column":41}}]},"2":{"type":"branch","line":35,"loc":{"start":{"line":35,"column":44},"end":{"line":35,"column":66}},"locations":[{"start":{"line":35,"column":44},"end":{"line":35,"column":66}}]},"3":{"type":"branch","line":35,"loc":{"start":{"line":35,"column":51},"end":{"line":35,"column":73}},"locations":[{"start":{"line":35,"column":51},"end":{"line":35,"column":73}}]},"4":{"type":"branch","line":44,"loc":{"start":{"line":44,"column":50},"end":{"line":44,"column":72}},"locations":[{"start":{"line":44,"column":50},"end":{"line":44,"column":72}}]},"5":{"type":"branch","line":25,"loc":{"start":{"line":25,"column":24},"end":{"line":28,"column":4}},"locations":[{"start":{"line":25,"column":24},"end":{"line":28,"column":4}}]}},"b":{"0":[11],"1":[7],"2":[2],"3":[9],"4":[0],"5":[2]},"fnMap":{"0":{"name":"ItemRangeChanger","decl":{"start":{"line":5,"column":25},"end":{"line":59,"column":2}},"loc":{"start":{"line":5,"column":25},"end":{"line":59,"column":2}},"line":5},"1":{"name":"increaseQuantity","decl":{"start":{"line":14,"column":27},"end":{"line":18,"column":4}},"loc":{"start":{"line":14,"column":27},"end":{"line":18,"column":4}},"line":14},"2":{"name":"reduceQuantity","decl":{"start":{"line":19,"column":25},"end":{"line":23,"column":4}},"loc":{"start":{"line":19,"column":25},"end":{"line":23,"column":4}},"line":19},"3":{"name":"setItemsCount","decl":{"start":{"line":25,"column":24},"end":{"line":28,"column":4}},"loc":{"start":{"line":25,"column":24},"end":{"line":28,"column":4}},"line":25}},"f":{"0":11,"1":0,"2":0,"3":2}}
,"C:\\Users\\vernu\\Desktop\\react-application\\src\\components\\pagination\\pagination.tsx": {"path":"C:\\Users\\vernu\\Desktop\\react-application\\src\\components\\pagination\\pagination.tsx","all":false,"statementMap":{"0":{"start":{"line":1,"column":0},"end":{"line":1,"column":33}},"1":{"start":{"line":2,"column":0},"end":{"line":2,"column":67}},"2":{"start":{"line":3,"column":0},"end":{"line":3,"column":50}},"3":{"start":{"line":4,"column":0},"end":{"line":4,"column":40}},"4":{"start":{"line":5,"column":0},"end":{"line":5,"column":47}},"5":{"start":{"line":6,"column":0},"end":{"line":6,"column":65}},"6":{"start":{"line":7,"column":0},"end":{"line":7,"column":0}},"7":{"start":{"line":8,"column":0},"end":{"line":8,"column":31}},"8":{"start":{"line":9,"column":0},"end":{"line":9,"column":58}},"9":{"start":{"line":10,"column":0},"end":{"line":10,"column":25}},"10":{"start":{"line":11,"column":0},"end":{"line":11,"column":4}},"11":{"start":{"line":12,"column":0},"end":{"line":12,"column":73}},"12":{"start":{"line":13,"column":0},"end":{"line":13,"column":30}},"13":{"start":{"line":14,"column":0},"end":{"line":14,"column":4}},"14":{"start":{"line":15,"column":0},"end":{"line":15,"column":71}},"15":{"start":{"line":16,"column":0},"end":{"line":16,"column":33}},"16":{"start":{"line":17,"column":0},"end":{"line":17,"column":36}},"17":{"start":{"line":18,"column":0},"end":{"line":18,"column":27}},"18":{"start":{"line":19,"column":0},"end":{"line":19,"column":0}},"19":{"start":{"line":20,"column":0},"end":{"line":20,"column":40}},"20":{"start":{"line":21,"column":0},"end":{"line":21,"column":35}},"21":{"start":{"line":22,"column":0},"end":{"line":22,"column":31}},"22":{"start":{"line":23,"column":0},"end":{"line":23,"column":4}},"23":{"start":{"line":24,"column":0},"end":{"line":24,"column":0}},"24":{"start":{"line":25,"column":0},"end":{"line":25,"column":42}},"25":{"start":{"line":26,"column":0},"end":{"line":26,"column":46}},"26":{"start":{"line":27,"column":0},"end":{"line":27,"column":66}},"27":{"start":{"line":28,"column":0},"end":{"line":28,"column":5}},"28":{"start":{"line":29,"column":0},"end":{"line":29,"column":4}},"29":{"start":{"line":30,"column":0},"end":{"line":30,"column":0}},"30":{"start":{"line":31,"column":0},"end":{"line":31,"column":43}},"31":{"start":{"line":32,"column":0},"end":{"line":32,"column":55}},"32":{"start":{"line":33,"column":0},"end":{"line":33,"column":66}},"33":{"start":{"line":34,"column":0},"end":{"line":34,"column":5}},"34":{"start":{"line":35,"column":0},"end":{"line":35,"column":4}},"35":{"start":{"line":36,"column":0},"end":{"line":36,"column":0}},"36":{"start":{"line":37,"column":0},"end":{"line":37,"column":30}},"37":{"start":{"line":38,"column":0},"end":{"line":38,"column":56}},"38":{"start":{"line":39,"column":0},"end":{"line":39,"column":3}},"39":{"start":{"line":40,"column":0},"end":{"line":40,"column":0}},"40":{"start":{"line":41,"column":0},"end":{"line":41,"column":10}},"41":{"start":{"line":42,"column":0},"end":{"line":42,"column":73}},"42":{"start":{"line":43,"column":0},"end":{"line":43,"column":10}},"43":{"start":{"line":44,"column":0},"end":{"line":44,"column":33}},"44":{"start":{"line":45,"column":0},"end":{"line":45,"column":71}},"45":{"start":{"line":46,"column":0},"end":{"line":46,"column":11}},"46":{"start":{"line":47,"column":0},"end":{"line":47,"column":42}},"47":{"start":{"line":48,"column":0},"end":{"line":48,"column":13}},"48":{"start":{"line":49,"column":0},"end":{"line":49,"column":42}},"49":{"start":{"line":50,"column":0},"end":{"line":50,"column":78}},"50":{"start":{"line":51,"column":0},"end":{"line":51,"column":18}},"51":{"start":{"line":52,"column":0},"end":{"line":52,"column":16}},"52":{"start":{"line":53,"column":0},"end":{"line":53,"column":25}},"53":{"start":{"line":54,"column":0},"end":{"line":54,"column":41}},"54":{"start":{"line":55,"column":0},"end":{"line":55,"column":45}},"55":{"start":{"line":56,"column":0},"end":{"line":56,"column":37}},"56":{"start":{"line":57,"column":0},"end":{"line":57,"column":15}},"57":{"start":{"line":58,"column":0},"end":{"line":58,"column":25}},"58":{"start":{"line":59,"column":0},"end":{"line":59,"column":51}},"59":{"start":{"line":60,"column":0},"end":{"line":60,"column":39}},"60":{"start":{"line":61,"column":0},"end":{"line":61,"column":13}},"61":{"start":{"line":62,"column":0},"end":{"line":62,"column":25}},"62":{"start":{"line":63,"column":0},"end":{"line":63,"column":18}},"63":{"start":{"line":64,"column":0},"end":{"line":64,"column":12}},"64":{"start":{"line":65,"column":0},"end":{"line":65,"column":9}},"65":{"start":{"line":66,"column":0},"end":{"line":66,"column":9}},"66":{"start":{"line":67,"column":0},"end":{"line":67,"column":10}},"67":{"start":{"line":68,"column":0},"end":{"line":68,"column":33}},"68":{"start":{"line":69,"column":0},"end":{"line":69,"column":48}},"69":{"start":{"line":70,"column":0},"end":{"line":70,"column":27}},"70":{"start":{"line":71,"column":0},"end":{"line":71,"column":34}},"71":{"start":{"line":72,"column":0},"end":{"line":72,"column":11}},"72":{"start":{"line":73,"column":0},"end":{"line":73,"column":43}},"73":{"start":{"line":74,"column":0},"end":{"line":74,"column":13}},"74":{"start":{"line":75,"column":0},"end":{"line":75,"column":10}},"75":{"start":{"line":76,"column":0},"end":{"line":76,"column":4}},"76":{"start":{"line":77,"column":0},"end":{"line":77,"column":2}},"77":{"start":{"line":78,"column":0},"end":{"line":78,"column":0}},"78":{"start":{"line":79,"column":0},"end":{"line":79,"column":31}}},"s":{"0":1,"1":1,"2":1,"3":1,"4":1,"5":1,"6":1,"7":1,"8":13,"9":13,"10":13,"11":13,"12":13,"13":13,"14":13,"15":13,"16":13,"17":13,"18":13,"19":13,"20":1,"21":1,"22":1,"23":13,"24":13,"25":0,"26":0,"27":0,"28":0,"29":13,"30":13,"31":0,"32":0,"33":0,"34":0,"35":13,"36":13,"37":10,"38":10,"39":3,"40":3,"41":3,"42":3,"43":3,"44":13,"45":13,"46":13,"47":13,"48":13,"49":360,"50":20,"51":20,"52":20,"53":20,"54":2,"55":18,"56":20,"57":20,"58":20,"59":20,"60":20,"61":20,"62":20,"63":20,"64":20,"65":13,"66":13,"67":13,"68":13,"69":0,"70":3,"71":13,"72":13,"73":13,"74":13,"75":13,"76":13,"77":1,"78":1},"branchMap":{"0":{"type":"branch","line":8,"loc":{"start":{"line":8,"column":24},"end":{"line":77,"column":2}},"locations":[{"start":{"line":8,"column":24},"end":{"line":77,"column":2}}]},"1":{"type":"branch","line":37,"loc":{"start":{"line":37,"column":29},"end":{"line":39,"column":3}},"locations":[{"start":{"line":37,"column":29},"end":{"line":39,"column":3}}]},"2":{"type":"branch","line":39,"loc":{"start":{"line":39,"column":2},"end":{"line":45,"column":52}},"locations":[{"start":{"line":39,"column":2},"end":{"line":45,"column":52}}]},"3":{"type":"branch","line":45,"loc":{"start":{"line":45,"column":32},"end":{"line":45,"column":52}},"locations":[{"start":{"line":45,"column":32},"end":{"line":45,"column":52}}]},"4":{"type":"branch","line":45,"loc":{"start":{"line":45,"column":39},"end":{"line":45,"column":71}},"locations":[{"start":{"line":45,"column":39},"end":{"line":45,"column":71}}]},"5":{"type":"branch","line":69,"loc":{"start":{"line":69,"column":33},"end":{"line":70,"column":27}},"locations":[{"start":{"line":69,"column":33},"end":{"line":70,"column":27}}]},"6":{"type":"branch","line":70,"loc":{"start":{"line":70,"column":16},"end":{"line":71,"column":34}},"locations":[{"start":{"line":70,"column":16},"end":{"line":71,"column":34}}]},"7":{"type":"branch","line":10,"loc":{"start":{"line":10,"column":4},"end":{"line":10,"column":25}},"locations":[{"start":{"line":10,"column":4},"end":{"line":10,"column":25}}]},"8":{"type":"branch","line":20,"loc":{"start":{"line":20,"column":21},"end":{"line":23,"column":4}},"locations":[{"start":{"line":20,"column":21},"end":{"line":23,"column":4}}]},"9":{"type":"branch","line":49,"loc":{"start":{"line":49,"column":27},"end":{"line":66,"column":7}},"locations":[{"start":{"line":49,"column":27},"end":{"line":66,"column":7}}]},"10":{"type":"branch","line":50,"loc":{"start":{"line":50,"column":20},"end":{"line":50,"column":77}},"locations":[{"start":{"line":50,"column":20},"end":{"line":50,"column":77}}]},"11":{"type":"branch","line":50,"loc":{"start":{"line":50,"column":77},"end":{"line":65,"column":9}},"locations":[{"start":{"line":50,"column":77},"end":{"line":65,"column":9}}]},"12":{"type":"branch","line":54,"loc":{"start":{"line":54,"column":30},"end":{"line":55,"column":45}},"locations":[{"start":{"line":54,"column":30},"end":{"line":55,"column":45}}]},"13":{"type":"branch","line":55,"loc":{"start":{"line":55,"column":22},"end":{"line":56,"column":37}},"locations":[{"start":{"line":55,"column":22},"end":{"line":56,"column":37}}]},"14":{"type":"branch","line":59,"loc":{"start":{"line":59,"column":23},"end":{"line":59,"column":51}},"locations":[{"start":{"line":59,"column":23},"end":{"line":59,"column":51}}]}},"b":{"0":[13],"1":[10],"2":[3],"3":[2],"4":[1],"5":[0],"6":[3],"7":[30],"8":[1],"9":[360],"10":[20],"11":[20],"12":[2],"13":[18],"14":[1]},"fnMap":{"0":{"name":"PaginationBlock","decl":{"start":{"line":8,"column":24},"end":{"line":77,"column":2}},"loc":{"start":{"line":8,"column":24},"end":{"line":77,"column":2}},"line":8},"1":{"name":"changePage","decl":{"start":{"line":20,"column":21},"end":{"line":23,"column":4}},"loc":{"start":{"line":20,"column":21},"end":{"line":23,"column":4}},"line":20},"2":{"name":"transitionToTheLeftPages","decl":{"start":{"line":25,"column":35},"end":{"line":29,"column":4}},"loc":{"start":{"line":25,"column":35},"end":{"line":29,"column":4}},"line":25},"3":{"name":"transitionToTheRightPages","decl":{"start":{"line":31,"column":36},"end":{"line":35,"column":4}},"loc":{"start":{"line":31,"column":36},"end":{"line":35,"column":4}},"line":31},"4":{"name":"onClick","decl":{"start":{"line":59,"column":23},"end":{"line":59,"column":51}},"loc":{"start":{"line":59,"column":23},"end":{"line":59,"column":51}},"line":59}},"f":{"0":13,"1":1,"2":0,"3":0,"4":1}}
,"C:\\Users\\vernu\\Desktop\\react-application\\src\\components\\search-bar\\search-bar.tsx": {"path":"C:\\Users\\vernu\\Desktop\\react-application\\src\\components\\search-bar\\search-bar.tsx","all":false,"statementMap":{"0":{"start":{"line":1,"column":0},"end":{"line":1,"column":47}},"1":{"start":{"line":2,"column":0},"end":{"line":2,"column":40}},"2":{"start":{"line":3,"column":0},"end":{"line":3,"column":67}},"3":{"start":{"line":4,"column":0},"end":{"line":4,"column":8}},"4":{"start":{"line":5,"column":0},"end":{"line":5,"column":17}},"5":{"start":{"line":6,"column":0},"end":{"line":6,"column":22}},"6":{"start":{"line":7,"column":0},"end":{"line":7,"column":41}},"7":{"start":{"line":8,"column":0},"end":{"line":8,"column":0}},"8":{"start":{"line":9,"column":0},"end":{"line":9,"column":25}},"9":{"start":{"line":10,"column":0},"end":{"line":10,"column":69}},"10":{"start":{"line":11,"column":0},"end":{"line":11,"column":36}},"11":{"start":{"line":12,"column":0},"end":{"line":12,"column":33}},"12":{"start":{"line":13,"column":0},"end":{"line":13,"column":0}},"13":{"start":{"line":14,"column":0},"end":{"line":14,"column":69}},"14":{"start":{"line":15,"column":0},"end":{"line":15,"column":23}},"15":{"start":{"line":16,"column":0},"end":{"line":16,"column":32}},"16":{"start":{"line":17,"column":0},"end":{"line":17,"column":25}},"17":{"start":{"line":18,"column":0},"end":{"line":18,"column":58}},"18":{"start":{"line":19,"column":0},"end":{"line":19,"column":4}},"19":{"start":{"line":20,"column":0},"end":{"line":20,"column":0}},"20":{"start":{"line":21,"column":0},"end":{"line":21,"column":10}},"21":{"start":{"line":22,"column":0},"end":{"line":22,"column":76}},"22":{"start":{"line":23,"column":0},"end":{"line":23,"column":12}},"23":{"start":{"line":24,"column":0},"end":{"line":24,"column":34}},"24":{"start":{"line":25,"column":0},"end":{"line":25,"column":19}},"25":{"start":{"line":26,"column":0},"end":{"line":26,"column":34}},"26":{"start":{"line":27,"column":0},"end":{"line":27,"column":28}},"27":{"start":{"line":28,"column":0},"end":{"line":28,"column":32}},"28":{"start":{"line":29,"column":0},"end":{"line":29,"column":77}},"29":{"start":{"line":30,"column":0},"end":{"line":30,"column":8}},"30":{"start":{"line":31,"column":0},"end":{"line":31,"column":57}},"31":{"start":{"line":32,"column":0},"end":{"line":32,"column":11}},"32":{"start":{"line":33,"column":0},"end":{"line":33,"column":4}},"33":{"start":{"line":34,"column":0},"end":{"line":34,"column":2}},"34":{"start":{"line":35,"column":0},"end":{"line":35,"column":0}},"35":{"start":{"line":36,"column":0},"end":{"line":36,"column":25}}},"s":{"0":1,"1":1,"2":1,"3":1,"4":1,"5":1,"6":1,"7":1,"8":1,"9":14,"10":14,"11":14,"12":14,"13":14,"14":2,"15":2,"16":2,"17":2,"18":2,"19":14,"20":14,"21":14,"22":14,"23":14,"24":14,"25":14,"26":14,"27":14,"28":14,"29":14,"30":14,"31":14,"32":14,"33":14,"34":1,"35":1},"branchMap":{"0":{"type":"branch","line":9,"loc":{"start":{"line":9,"column":18},"end":{"line":34,"column":2}},"locations":[{"start":{"line":9,"column":18},"end":{"line":34,"column":2}}]},"1":{"type":"branch","line":10,"loc":{"start":{"line":10,"column":46},"end":{"line":10,"column":67}},"locations":[{"start":{"line":10,"column":46},"end":{"line":10,"column":67}}]},"2":{"type":"branch","line":14,"loc":{"start":{"line":14,"column":21},"end":{"line":19,"column":4}},"locations":[{"start":{"line":14,"column":21},"end":{"line":19,"column":4}}]}},"b":{"0":[14],"1":[34],"2":[2]},"fnMap":{"0":{"name":"SearchBar","decl":{"start":{"line":9,"column":18},"end":{"line":34,"column":2}},"loc":{"start":{"line":9,"column":18},"end":{"line":34,"column":2}},"line":9},"1":{"name":"submitForm","decl":{"start":{"line":14,"column":21},"end":{"line":19,"column":4}},"loc":{"start":{"line":14,"column":21},"end":{"line":19,"column":4}},"line":14},"2":{"name":"onInput","decl":{"start":{"line":29,"column":17},"end":{"line":29,"column":77}},"loc":{"start":{"line":29,"column":17},"end":{"line":29,"column":77}},"line":29}},"f":{"0":14,"1":2,"2":0}}
,"C:\\Users\\vernu\\Desktop\\react-application\\src\\components\\search-results\\search-results.tsx": {"path":"C:\\Users\\vernu\\Desktop\\react-application\\src\\components\\search-results\\search-results.tsx","all":false,"statementMap":{"0":{"start":{"line":1,"column":0},"end":{"line":1,"column":43}},"1":{"start":{"line":2,"column":0},"end":{"line":2,"column":44}},"2":{"start":{"line":3,"column":0},"end":{"line":3,"column":67}},"3":{"start":{"line":4,"column":0},"end":{"line":4,"column":8}},"4":{"start":{"line":5,"column":0},"end":{"line":5,"column":12}},"5":{"start":{"line":6,"column":0},"end":{"line":6,"column":15}},"6":{"start":{"line":7,"column":0},"end":{"line":7,"column":17}},"7":{"start":{"line":8,"column":0},"end":{"line":8,"column":18}},"8":{"start":{"line":9,"column":0},"end":{"line":9,"column":41}},"9":{"start":{"line":10,"column":0},"end":{"line":10,"column":80}},"10":{"start":{"line":11,"column":0},"end":{"line":11,"column":8}},"11":{"start":{"line":12,"column":0},"end":{"line":12,"column":20}},"12":{"start":{"line":13,"column":0},"end":{"line":13,"column":18}},"13":{"start":{"line":14,"column":0},"end":{"line":14,"column":19}},"14":{"start":{"line":15,"column":0},"end":{"line":15,"column":44}},"15":{"start":{"line":16,"column":0},"end":{"line":16,"column":34}},"16":{"start":{"line":17,"column":0},"end":{"line":17,"column":49}},"17":{"start":{"line":18,"column":0},"end":{"line":18,"column":0}},"18":{"start":{"line":19,"column":0},"end":{"line":19,"column":29}},"19":{"start":{"line":20,"column":0},"end":{"line":20,"column":75}},"20":{"start":{"line":21,"column":0},"end":{"line":21,"column":63}},"21":{"start":{"line":22,"column":0},"end":{"line":22,"column":56}},"22":{"start":{"line":23,"column":0},"end":{"line":23,"column":43}},"23":{"start":{"line":24,"column":0},"end":{"line":24,"column":9}},"24":{"start":{"line":25,"column":0},"end":{"line":25,"column":41}},"25":{"start":{"line":26,"column":0},"end":{"line":26,"column":27}},"26":{"start":{"line":27,"column":0},"end":{"line":27,"column":74}},"27":{"start":{"line":28,"column":0},"end":{"line":28,"column":52}},"28":{"start":{"line":29,"column":0},"end":{"line":29,"column":27}},"29":{"start":{"line":30,"column":0},"end":{"line":30,"column":27}},"30":{"start":{"line":31,"column":0},"end":{"line":31,"column":26}},"31":{"start":{"line":32,"column":0},"end":{"line":32,"column":11}},"32":{"start":{"line":33,"column":0},"end":{"line":33,"column":19}},"33":{"start":{"line":34,"column":0},"end":{"line":34,"column":15}},"34":{"start":{"line":35,"column":0},"end":{"line":35,"column":60}},"35":{"start":{"line":36,"column":0},"end":{"line":36,"column":49}},"36":{"start":{"line":37,"column":0},"end":{"line":37,"column":52}},"37":{"start":{"line":38,"column":0},"end":{"line":38,"column":29}},"38":{"start":{"line":39,"column":0},"end":{"line":39,"column":69}},"39":{"start":{"line":40,"column":0},"end":{"line":40,"column":23}},"40":{"start":{"line":41,"column":0},"end":{"line":41,"column":10}},"41":{"start":{"line":42,"column":0},"end":{"line":42,"column":36}},"42":{"start":{"line":43,"column":0},"end":{"line":43,"column":43}},"43":{"start":{"line":44,"column":0},"end":{"line":44,"column":5}},"44":{"start":{"line":45,"column":0},"end":{"line":45,"column":13}},"45":{"start":{"line":46,"column":0},"end":{"line":46,"column":0}},"46":{"start":{"line":47,"column":0},"end":{"line":47,"column":36}},"47":{"start":{"line":48,"column":0},"end":{"line":48,"column":60}},"48":{"start":{"line":49,"column":0},"end":{"line":49,"column":0}},"49":{"start":{"line":50,"column":0},"end":{"line":50,"column":46}},"50":{"start":{"line":51,"column":0},"end":{"line":51,"column":37}},"51":{"start":{"line":52,"column":0},"end":{"line":52,"column":34}},"52":{"start":{"line":53,"column":0},"end":{"line":53,"column":42}},"53":{"start":{"line":54,"column":0},"end":{"line":54,"column":4}},"54":{"start":{"line":55,"column":0},"end":{"line":55,"column":0}},"55":{"start":{"line":56,"column":0},"end":{"line":56,"column":37}},"56":{"start":{"line":57,"column":0},"end":{"line":57,"column":12}},"57":{"start":{"line":58,"column":0},"end":{"line":58,"column":44}},"58":{"start":{"line":59,"column":0},"end":{"line":59,"column":45}},"59":{"start":{"line":60,"column":0},"end":{"line":60,"column":12}},"60":{"start":{"line":61,"column":0},"end":{"line":61,"column":6}},"61":{"start":{"line":62,"column":0},"end":{"line":62,"column":3}},"62":{"start":{"line":63,"column":0},"end":{"line":63,"column":0}},"63":{"start":{"line":64,"column":0},"end":{"line":64,"column":10}},"64":{"start":{"line":65,"column":0},"end":{"line":65,"column":6}},"65":{"start":{"line":66,"column":0},"end":{"line":66,"column":65}},"66":{"start":{"line":67,"column":0},"end":{"line":67,"column":70}},"67":{"start":{"line":68,"column":0},"end":{"line":68,"column":47}},"68":{"start":{"line":69,"column":0},"end":{"line":69,"column":18}},"69":{"start":{"line":70,"column":0},"end":{"line":70,"column":61}},"70":{"start":{"line":71,"column":0},"end":{"line":71,"column":23}},"71":{"start":{"line":72,"column":0},"end":{"line":72,"column":30}},"72":{"start":{"line":73,"column":0},"end":{"line":73,"column":55}},"73":{"start":{"line":74,"column":0},"end":{"line":74,"column":30}},"74":{"start":{"line":75,"column":0},"end":{"line":75,"column":11}},"75":{"start":{"line":76,"column":0},"end":{"line":76,"column":51}},"76":{"start":{"line":77,"column":0},"end":{"line":77,"column":75}},"77":{"start":{"line":78,"column":0},"end":{"line":78,"column":20}},"78":{"start":{"line":79,"column":0},"end":{"line":79,"column":11}},"79":{"start":{"line":80,"column":0},"end":{"line":80,"column":12}},"80":{"start":{"line":81,"column":0},"end":{"line":81,"column":7}},"81":{"start":{"line":82,"column":0},"end":{"line":82,"column":4}},"82":{"start":{"line":83,"column":0},"end":{"line":83,"column":2}},"83":{"start":{"line":84,"column":0},"end":{"line":84,"column":0}},"84":{"start":{"line":85,"column":0},"end":{"line":85,"column":29}}},"s":{"0":1,"1":1,"2":1,"3":1,"4":1,"5":1,"6":1,"7":1,"8":1,"9":1,"10":1,"11":1,"12":1,"13":1,"14":1,"15":1,"16":1,"17":1,"18":1,"19":28,"20":28,"21":28,"22":0,"23":25,"24":28,"25":28,"26":10,"27":15,"28":15,"29":15,"30":15,"31":15,"32":28,"33":7,"34":0,"35":0,"36":0,"37":0,"38":0,"39":0,"40":0,"41":0,"42":0,"43":0,"44":28,"45":28,"46":28,"47":28,"48":25,"49":25,"50":1,"51":1,"52":1,"53":1,"54":25,"55":28,"56":3,"57":3,"58":3,"59":3,"60":3,"61":3,"62":22,"63":22,"64":22,"65":28,"66":28,"67":28,"68":26,"69":26,"70":26,"71":26,"72":26,"73":26,"74":26,"75":26,"76":26,"77":26,"78":28,"79":28,"80":28,"81":28,"82":28,"83":1,"84":1},"branchMap":{"0":{"type":"branch","line":19,"loc":{"start":{"line":19,"column":22},"end":{"line":83,"column":2}},"locations":[{"start":{"line":19,"column":22},"end":{"line":83,"column":2}}]},"1":{"type":"branch","line":22,"loc":{"start":{"line":22,"column":55},"end":{"line":23,"column":43}},"locations":[{"start":{"line":22,"column":55},"end":{"line":23,"column":43}}]},"2":{"type":"branch","line":23,"loc":{"start":{"line":23,"column":41},"end":{"line":24,"column":9}},"locations":[{"start":{"line":23,"column":41},"end":{"line":24,"column":9}}]},"3":{"type":"branch","line":26,"loc":{"start":{"line":26,"column":25},"end":{"line":27,"column":74}},"locations":[{"start":{"line":26,"column":25},"end":{"line":27,"column":74}}]},"4":{"type":"branch","line":27,"loc":{"start":{"line":27,"column":73},"end":{"line":32,"column":11}},"locations":[{"start":{"line":27,"column":73},"end":{"line":32,"column":11}}]},"5":{"type":"branch","line":48,"loc":{"start":{"line":48,"column":6},"end":{"line":48,"column":31}},"locations":[{"start":{"line":48,"column":6},"end":{"line":48,"column":31}}]},"6":{"type":"branch","line":48,"loc":{"start":{"line":48,"column":31},"end":{"line":56,"column":36}},"locations":[{"start":{"line":48,"column":31},"end":{"line":56,"column":36}}]},"7":{"type":"branch","line":48,"loc":{"start":{"line":48,"column":31},"end":{"line":48,"column":60}},"locations":[{"start":{"line":48,"column":31},"end":{"line":48,"column":60}}]},"8":{"type":"branch","line":48,"loc":{"start":{"line":48,"column":58},"end":{"line":56,"column":36}},"locations":[{"start":{"line":48,"column":58},"end":{"line":56,"column":36}}]},"9":{"type":"branch","line":56,"loc":{"start":{"line":56,"column":36},"end":{"line":62,"column":3}},"locations":[{"start":{"line":56,"column":36},"end":{"line":62,"column":3}}]},"10":{"type":"branch","line":62,"loc":{"start":{"line":62,"column":2},"end":{"line":66,"column":38}},"locations":[{"start":{"line":62,"column":2},"end":{"line":66,"column":38}}]},"11":{"type":"branch","line":66,"loc":{"start":{"line":66,"column":22},"end":{"line":66,"column":49}},"locations":[{"start":{"line":66,"column":22},"end":{"line":66,"column":49}}]},"12":{"type":"branch","line":66,"loc":{"start":{"line":66,"column":40},"end":{"line":66,"column":59}},"locations":[{"start":{"line":66,"column":40},"end":{"line":66,"column":59}}]},"13":{"type":"branch","line":67,"loc":{"start":{"line":67,"column":22},"end":{"line":67,"column":49}},"locations":[{"start":{"line":67,"column":22},"end":{"line":67,"column":49}}]},"14":{"type":"branch","line":67,"loc":{"start":{"line":67,"column":40},"end":{"line":67,"column":70}},"locations":[{"start":{"line":67,"column":40},"end":{"line":67,"column":70}}]},"15":{"type":"branch","line":21,"loc":{"start":{"line":21,"column":19},"end":{"line":21,"column":61}},"locations":[{"start":{"line":21,"column":19},"end":{"line":21,"column":61}}]},"16":{"type":"branch","line":33,"loc":{"start":{"line":33,"column":12},"end":{"line":45,"column":5}},"locations":[{"start":{"line":33,"column":12},"end":{"line":45,"column":5}}]},"17":{"type":"branch","line":34,"loc":{"start":{"line":34,"column":14},"end":{"line":44,"column":5}},"locations":[{"start":{"line":34,"column":14},"end":{"line":44,"column":5}}]},"18":{"type":"branch","line":50,"loc":{"start":{"line":50,"column":29},"end":{"line":54,"column":4}},"locations":[{"start":{"line":50,"column":29},"end":{"line":54,"column":4}}]},"19":{"type":"branch","line":68,"loc":{"start":{"line":68,"column":29},"end":{"line":78,"column":20}},"locations":[{"start":{"line":68,"column":29},"end":{"line":78,"column":20}}]},"20":{"type":"branch","line":73,"loc":{"start":{"line":73,"column":21},"end":{"line":73,"column":55}},"locations":[{"start":{"line":73,"column":21},"end":{"line":73,"column":55}}]}},"b":{"0":[28],"1":[0],"2":[25],"3":[10],"4":[15],"5":[3],"6":[26],"7":[22],"8":[25],"9":[3],"10":[22],"11":[17],"12":[5],"13":[17],"14":[5],"15":[64],"16":[7],"17":[0],"18":[1],"19":[26],"20":[1]},"fnMap":{"0":{"name":"SearchResults","decl":{"start":{"line":19,"column":22},"end":{"line":83,"column":2}},"loc":{"start":{"line":19,"column":22},"end":{"line":83,"column":2}},"line":19},"1":{"name":"sendDetaitsRequest","decl":{"start":{"line":50,"column":29},"end":{"line":54,"column":4}},"loc":{"start":{"line":50,"column":29},"end":{"line":54,"column":4}},"line":50},"2":{"name":"onClick","decl":{"start":{"line":73,"column":21},"end":{"line":73,"column":55}},"loc":{"start":{"line":73,"column":21},"end":{"line":73,"column":55}},"line":73}},"f":{"0":28,"1":1,"2":1}}
,"C:\\Users\\vernu\\Desktop\\react-application\\src\\hooks\\hooks.ts": {"path":"C:\\Users\\vernu\\Desktop\\react-application\\src\\hooks\\hooks.ts","all":false,"statementMap":{"0":{"start":{"line":1,"column":0},"end":{"line":1,"column":55}},"1":{"start":{"line":2,"column":0},"end":{"line":2,"column":56}},"2":{"start":{"line":3,"column":0},"end":{"line":3,"column":61}},"3":{"start":{"line":4,"column":0},"end":{"line":4,"column":0}},"4":{"start":{"line":5,"column":0},"end":{"line":5,"column":61}},"5":{"start":{"line":6,"column":0},"end":{"line":6,"column":75}}},"s":{"0":1,"1":1,"2":1,"3":1,"4":1,"5":1},"branchMap":{},"b":{},"fnMap":{},"f":{}}
,"C:\\Users\\vernu\\Desktop\\react-application\\src\\pages\\404\\not-found.tsx": {"path":"C:\\Users\\vernu\\Desktop\\react-application\\src\\pages\\404\\not-found.tsx","all":false,"statementMap":{"0":{"start":{"line":1,"column":0},"end":{"line":1,"column":39}},"1":{"start":{"line":2,"column":0},"end":{"line":2,"column":0}},"2":{"start":{"line":3,"column":0},"end":{"line":3,"column":28}},"3":{"start":{"line":4,"column":0},"end":{"line":4,"column":10}},"4":{"start":{"line":5,"column":0},"end":{"line":5,"column":39}},"5":{"start":{"line":6,"column":0},"end":{"line":6,"column":64}},"6":{"start":{"line":7,"column":0},"end":{"line":7,"column":61}},"7":{"start":{"line":8,"column":0},"end":{"line":8,"column":10}},"8":{"start":{"line":9,"column":0},"end":{"line":9,"column":4}},"9":{"start":{"line":10,"column":0},"end":{"line":10,"column":2}},"10":{"start":{"line":11,"column":0},"end":{"line":11,"column":0}},"11":{"start":{"line":12,"column":0},"end":{"line":12,"column":28}}},"s":{"0":1,"1":1,"2":1,"3":1,"4":1,"5":1,"6":1,"7":1,"8":1,"9":1,"10":1,"11":1},"branchMap":{"0":{"type":"branch","line":3,"loc":{"start":{"line":3,"column":21},"end":{"line":10,"column":2}},"locations":[{"start":{"line":3,"column":21},"end":{"line":10,"column":2}}]}},"b":{"0":[1]},"fnMap":{"0":{"name":"NotFoundPage","decl":{"start":{"line":3,"column":21},"end":{"line":10,"column":2}},"loc":{"start":{"line":3,"column":21},"end":{"line":10,"column":2}},"line":3}},"f":{"0":1}}
,"C:\\Users\\vernu\\Desktop\\react-application\\src\\pages\\detailed\\detailed.tsx": {"path":"C:\\Users\\vernu\\Desktop\\react-application\\src\\pages\\detailed\\detailed.tsx","all":false,"statementMap":{"0":{"start":{"line":1,"column":0},"end":{"line":1,"column":58}},"1":{"start":{"line":2,"column":0},"end":{"line":2,"column":38}},"2":{"start":{"line":3,"column":0},"end":{"line":3,"column":67}},"3":{"start":{"line":4,"column":0},"end":{"line":4,"column":57}},"4":{"start":{"line":5,"column":0},"end":{"line":5,"column":34}},"5":{"start":{"line":6,"column":0},"end":{"line":6,"column":8}},"6":{"start":{"line":7,"column":0},"end":{"line":7,"column":20}},"7":{"start":{"line":8,"column":0},"end":{"line":8,"column":22}},"8":{"start":{"line":9,"column":0},"end":{"line":9,"column":44}},"9":{"start":{"line":10,"column":0},"end":{"line":10,"column":0}},"10":{"start":{"line":11,"column":0},"end":{"line":11,"column":28}},"11":{"start":{"line":12,"column":0},"end":{"line":12,"column":34}},"12":{"start":{"line":13,"column":0},"end":{"line":13,"column":36}},"13":{"start":{"line":14,"column":0},"end":{"line":14,"column":31}},"14":{"start":{"line":15,"column":0},"end":{"line":15,"column":73}},"15":{"start":{"line":16,"column":0},"end":{"line":16,"column":28}},"16":{"start":{"line":17,"column":0},"end":{"line":17,"column":4}},"17":{"start":{"line":18,"column":0},"end":{"line":18,"column":41}},"18":{"start":{"line":19,"column":0},"end":{"line":19,"column":51}},"19":{"start":{"line":20,"column":0},"end":{"line":20,"column":37}},"20":{"start":{"line":21,"column":0},"end":{"line":21,"column":32}},"21":{"start":{"line":22,"column":0},"end":{"line":22,"column":4}},"22":{"start":{"line":23,"column":0},"end":{"line":23,"column":67}},"23":{"start":{"line":24,"column":0},"end":{"line":24,"column":19}},"24":{"start":{"line":25,"column":0},"end":{"line":25,"column":15}},"25":{"start":{"line":26,"column":0},"end":{"line":26,"column":36}},"26":{"start":{"line":27,"column":0},"end":{"line":27,"column":15}},"27":{"start":{"line":28,"column":0},"end":{"line":28,"column":78}},"28":{"start":{"line":29,"column":0},"end":{"line":29,"column":8}},"29":{"start":{"line":30,"column":0},"end":{"line":30,"column":43}},"30":{"start":{"line":31,"column":0},"end":{"line":31,"column":5}},"31":{"start":{"line":32,"column":0},"end":{"line":32,"column":13}},"32":{"start":{"line":33,"column":0},"end":{"line":33,"column":0}},"33":{"start":{"line":34,"column":0},"end":{"line":34,"column":10}},"34":{"start":{"line":35,"column":0},"end":{"line":35,"column":68}},"35":{"start":{"line":36,"column":0},"end":{"line":36,"column":10}},"36":{"start":{"line":37,"column":0},"end":{"line":37,"column":34}},"37":{"start":{"line":38,"column":0},"end":{"line":38,"column":37}},"38":{"start":{"line":39,"column":0},"end":{"line":39,"column":31}},"39":{"start":{"line":40,"column":0},"end":{"line":40,"column":13}},"40":{"start":{"line":41,"column":0},"end":{"line":41,"column":65}},"41":{"start":{"line":42,"column":0},"end":{"line":42,"column":59}},"42":{"start":{"line":43,"column":0},"end":{"line":43,"column":10}},"43":{"start":{"line":44,"column":0},"end":{"line":44,"column":58}},"44":{"start":{"line":45,"column":0},"end":{"line":45,"column":28}},"45":{"start":{"line":46,"column":0},"end":{"line":46,"column":13}},"46":{"start":{"line":47,"column":0},"end":{"line":47,"column":10}},"47":{"start":{"line":48,"column":0},"end":{"line":48,"column":4}},"48":{"start":{"line":49,"column":0},"end":{"line":49,"column":2}},"49":{"start":{"line":50,"column":0},"end":{"line":50,"column":0}},"50":{"start":{"line":51,"column":0},"end":{"line":51,"column":28}}},"s":{"0":1,"1":1,"2":1,"3":1,"4":1,"5":1,"6":1,"7":1,"8":1,"9":1,"10":1,"11":11,"12":11,"13":11,"14":11,"15":11,"16":11,"17":11,"18":11,"19":11,"20":1,"21":1,"22":11,"23":10,"24":3,"25":0,"26":0,"27":0,"28":0,"29":0,"30":0,"31":10,"32":10,"33":10,"34":10,"35":10,"36":10,"37":10,"38":10,"39":10,"40":10,"41":10,"42":10,"43":11,"44":11,"45":11,"46":11,"47":11,"48":11,"49":1,"50":1},"branchMap":{"0":{"type":"branch","line":11,"loc":{"start":{"line":11,"column":21},"end":{"line":49,"column":2}},"locations":[{"start":{"line":11,"column":21},"end":{"line":49,"column":2}}]},"1":{"type":"branch","line":23,"loc":{"start":{"line":23,"column":6},"end":{"line":23,"column":31}},"locations":[{"start":{"line":23,"column":6},"end":{"line":23,"column":31}}]},"2":{"type":"branch","line":23,"loc":{"start":{"line":23,"column":31},"end":{"line":44,"column":38}},"locations":[{"start":{"line":23,"column":31},"end":{"line":44,"column":38}}]},"3":{"type":"branch","line":44,"loc":{"start":{"line":44,"column":19},"end":{"line":44,"column":49}},"locations":[{"start":{"line":44,"column":19},"end":{"line":44,"column":49}}]},"4":{"type":"branch","line":44,"loc":{"start":{"line":44,"column":40},"end":{"line":44,"column":58}},"locations":[{"start":{"line":44,"column":40},"end":{"line":44,"column":58}}]},"5":{"type":"branch","line":16,"loc":{"start":{"line":16,"column":4},"end":{"line":16,"column":28}},"locations":[{"start":{"line":16,"column":4},"end":{"line":16,"column":28}}]},"6":{"type":"branch","line":20,"loc":{"start":{"line":20,"column":30},"end":{"line":22,"column":4}},"locations":[{"start":{"line":20,"column":30},"end":{"line":22,"column":4}}]},"7":{"type":"branch","line":24,"loc":{"start":{"line":24,"column":12},"end":{"line":32,"column":5}},"locations":[{"start":{"line":24,"column":12},"end":{"line":32,"column":5}}]},"8":{"type":"branch","line":25,"loc":{"start":{"line":25,"column":14},"end":{"line":31,"column":5}},"locations":[{"start":{"line":25,"column":14},"end":{"line":31,"column":5}}]}},"b":{"0":[11],"1":[0],"2":[10],"3":[8],"4":[2],"5":[26],"6":[1],"7":[3],"8":[0]},"fnMap":{"0":{"name":"DetailedPage","decl":{"start":{"line":11,"column":21},"end":{"line":49,"column":2}},"loc":{"start":{"line":11,"column":21},"end":{"line":49,"column":2}},"line":11},"1":{"name":"closeTheDetailsPage","decl":{"start":{"line":20,"column":30},"end":{"line":22,"column":4}},"loc":{"start":{"line":20,"column":30},"end":{"line":22,"column":4}},"line":20}},"f":{"0":11,"1":1}}
,"C:\\Users\\vernu\\Desktop\\react-application\\src\\pages\\layout\\layout.tsx": {"path":"C:\\Users\\vernu\\Desktop\\react-application\\src\\pages\\layout\\layout.tsx","all":false,"statementMap":{"0":{"start":{"line":1,"column":0},"end":{"line":1,"column":38}},"1":{"start":{"line":2,"column":0},"end":{"line":2,"column":36}},"2":{"start":{"line":3,"column":0},"end":{"line":3,"column":0}},"3":{"start":{"line":4,"column":0},"end":{"line":4,"column":22}},"4":{"start":{"line":5,"column":0},"end":{"line":5,"column":10}},"5":{"start":{"line":6,"column":0},"end":{"line":6,"column":6}},"6":{"start":{"line":7,"column":0},"end":{"line":7,"column":18}},"7":{"start":{"line":8,"column":0},"end":{"line":8,"column":16}},"8":{"start":{"line":9,"column":0},"end":{"line":9,"column":7}},"9":{"start":{"line":10,"column":0},"end":{"line":10,"column":4}},"10":{"start":{"line":11,"column":0},"end":{"line":11,"column":2}},"11":{"start":{"line":12,"column":0},"end":{"line":12,"column":0}},"12":{"start":{"line":13,"column":0},"end":{"line":13,"column":22}}},"s":{"0":1,"1":1,"2":1,"3":1,"4":2,"5":2,"6":2,"7":2,"8":2,"9":2,"10":2,"11":1,"12":1},"branchMap":{"0":{"type":"branch","line":4,"loc":{"start":{"line":4,"column":15},"end":{"line":11,"column":2}},"locations":[{"start":{"line":4,"column":15},"end":{"line":11,"column":2}}]}},"b":{"0":[2]},"fnMap":{"0":{"name":"Layout","decl":{"start":{"line":4,"column":15},"end":{"line":11,"column":2}},"loc":{"start":{"line":4,"column":15},"end":{"line":11,"column":2}},"line":4}},"f":{"0":2}}
,"C:\\Users\\vernu\\Desktop\\react-application\\src\\pages\\main\\main.tsx": {"path":"C:\\Users\\vernu\\Desktop\\react-application\\src\\pages\\main\\main.tsx","all":false,"statementMap":{"0":{"start":{"line":1,"column":0},"end":{"line":1,"column":34}},"1":{"start":{"line":2,"column":0},"end":{"line":2,"column":63}},"2":{"start":{"line":3,"column":0},"end":{"line":3,"column":75}},"3":{"start":{"line":4,"column":0},"end":{"line":4,"column":34}},"4":{"start":{"line":5,"column":0},"end":{"line":5,"column":69}},"5":{"start":{"line":6,"column":0},"end":{"line":6,"column":69}},"6":{"start":{"line":7,"column":0},"end":{"line":7,"column":71}},"7":{"start":{"line":8,"column":0},"end":{"line":8,"column":82}},"8":{"start":{"line":9,"column":0},"end":{"line":9,"column":70}},"9":{"start":{"line":10,"column":0},"end":{"line":10,"column":51}},"10":{"start":{"line":11,"column":0},"end":{"line":11,"column":0}},"11":{"start":{"line":12,"column":0},"end":{"line":12,"column":24}},"12":{"start":{"line":13,"column":0},"end":{"line":13,"column":33}},"13":{"start":{"line":14,"column":0},"end":{"line":14,"column":31}},"14":{"start":{"line":15,"column":0},"end":{"line":15,"column":33}},"15":{"start":{"line":16,"column":0},"end":{"line":16,"column":36}},"16":{"start":{"line":17,"column":0},"end":{"line":17,"column":0}},"17":{"start":{"line":18,"column":0},"end":{"line":18,"column":19}},"18":{"start":{"line":19,"column":0},"end":{"line":19,"column":31}},"19":{"start":{"line":20,"column":0},"end":{"line":20,"column":9}},"20":{"start":{"line":21,"column":0},"end":{"line":21,"column":0}},"21":{"start":{"line":22,"column":0},"end":{"line":22,"column":37}},"22":{"start":{"line":23,"column":0},"end":{"line":23,"column":52}},"23":{"start":{"line":24,"column":0},"end":{"line":24,"column":40}},"24":{"start":{"line":25,"column":0},"end":{"line":25,"column":33}},"25":{"start":{"line":26,"column":0},"end":{"line":26,"column":5}},"26":{"start":{"line":27,"column":0},"end":{"line":27,"column":4}},"27":{"start":{"line":28,"column":0},"end":{"line":28,"column":10}},"28":{"start":{"line":29,"column":0},"end":{"line":29,"column":78}},"29":{"start":{"line":30,"column":0},"end":{"line":30,"column":57}},"30":{"start":{"line":31,"column":0},"end":{"line":31,"column":21}},"31":{"start":{"line":32,"column":0},"end":{"line":32,"column":19}},"32":{"start":{"line":33,"column":0},"end":{"line":33,"column":25}},"33":{"start":{"line":34,"column":0},"end":{"line":34,"column":26}},"34":{"start":{"line":35,"column":0},"end":{"line":35,"column":23}},"35":{"start":{"line":36,"column":0},"end":{"line":36,"column":11}},"36":{"start":{"line":37,"column":0},"end":{"line":37,"column":4}},"37":{"start":{"line":38,"column":0},"end":{"line":38,"column":2}},"38":{"start":{"line":39,"column":0},"end":{"line":39,"column":0}},"39":{"start":{"line":40,"column":0},"end":{"line":40,"column":24}}},"s":{"0":1,"1":1,"2":1,"3":1,"4":1,"5":1,"6":1,"7":1,"8":1,"9":1,"10":1,"11":1,"12":8,"13":8,"14":8,"15":8,"16":8,"17":8,"18":3,"19":8,"20":8,"21":8,"22":0,"23":0,"24":0,"25":0,"26":0,"27":8,"28":8,"29":8,"30":8,"31":8,"32":8,"33":8,"34":8,"35":8,"36":8,"37":8,"38":1,"39":1},"branchMap":{"0":{"type":"branch","line":12,"loc":{"start":{"line":12,"column":17},"end":{"line":38,"column":2}},"locations":[{"start":{"line":12,"column":17},"end":{"line":38,"column":2}}]},"1":{"type":"branch","line":18,"loc":{"start":{"line":18,"column":12},"end":{"line":20,"column":5}},"locations":[{"start":{"line":18,"column":12},"end":{"line":20,"column":5}}]}},"b":{"0":[8],"1":[3]},"fnMap":{"0":{"name":"MainPage","decl":{"start":{"line":12,"column":17},"end":{"line":38,"column":2}},"loc":{"start":{"line":12,"column":17},"end":{"line":38,"column":2}},"line":12},"1":{"name":"closeTheDetailsPage","decl":{"start":{"line":22,"column":30},"end":{"line":27,"column":4}},"loc":{"start":{"line":22,"column":30},"end":{"line":27,"column":4}},"line":22}},"f":{"0":8,"1":0}}
,"C:\\Users\\vernu\\Desktop\\react-application\\src\\services\\main-serviсe.ts": {"path":"C:\\Users\\vernu\\Desktop\\react-application\\src\\services\\main-serviсe.ts","all":false,"statementMap":{"0":{"start":{"line":1,"column":0},"end":{"line":1,"column":73}},"1":{"start":{"line":2,"column":0},"end":{"line":2,"column":74}},"2":{"start":{"line":3,"column":0},"end":{"line":3,"column":0}},"3":{"start":{"line":4,"column":0},"end":{"line":4,"column":41}},"4":{"start":{"line":5,"column":0},"end":{"line":5,"column":32}},"5":{"start":{"line":6,"column":0},"end":{"line":6,"column":29}},"6":{"start":{"line":7,"column":0},"end":{"line":7,"column":44}},"7":{"start":{"line":8,"column":0},"end":{"line":8,"column":5}},"8":{"start":{"line":9,"column":0},"end":{"line":9,"column":26}},"9":{"start":{"line":10,"column":0},"end":{"line":10,"column":71}},"10":{"start":{"line":11,"column":0},"end":{"line":11,"column":38}},"11":{"start":{"line":12,"column":0},"end":{"line":12,"column":25}},"12":{"start":{"line":13,"column":0},"end":{"line":13,"column":17}},"13":{"start":{"line":14,"column":0},"end":{"line":14,"column":21}},"14":{"start":{"line":15,"column":0},"end":{"line":15,"column":16}},"15":{"start":{"line":16,"column":0},"end":{"line":16,"column":10}},"16":{"start":{"line":17,"column":0},"end":{"line":17,"column":9}},"17":{"start":{"line":18,"column":0},"end":{"line":18,"column":7}},"18":{"start":{"line":19,"column":0},"end":{"line":19,"column":5}},"19":{"start":{"line":20,"column":0},"end":{"line":20,"column":3}},"20":{"start":{"line":21,"column":0},"end":{"line":21,"column":0}},"21":{"start":{"line":22,"column":0},"end":{"line":22,"column":44}},"22":{"start":{"line":23,"column":0},"end":{"line":23,"column":35}},"23":{"start":{"line":24,"column":0},"end":{"line":24,"column":29}},"24":{"start":{"line":25,"column":0},"end":{"line":25,"column":44}},"25":{"start":{"line":26,"column":0},"end":{"line":26,"column":5}},"26":{"start":{"line":27,"column":0},"end":{"line":27,"column":26}},"27":{"start":{"line":28,"column":0},"end":{"line":28,"column":71}},"28":{"start":{"line":29,"column":0},"end":{"line":29,"column":41}},"29":{"start":{"line":30,"column":0},"end":{"line":30,"column":32}},"30":{"start":{"line":31,"column":0},"end":{"line":31,"column":17}},"31":{"start":{"line":32,"column":0},"end":{"line":32,"column":26}},"32":{"start":{"line":33,"column":0},"end":{"line":33,"column":21}},"33":{"start":{"line":34,"column":0},"end":{"line":34,"column":16}},"34":{"start":{"line":35,"column":0},"end":{"line":35,"column":10}},"35":{"start":{"line":36,"column":0},"end":{"line":36,"column":9}},"36":{"start":{"line":37,"column":0},"end":{"line":37,"column":7}},"37":{"start":{"line":38,"column":0},"end":{"line":38,"column":5}},"38":{"start":{"line":39,"column":0},"end":{"line":39,"column":3}},"39":{"start":{"line":40,"column":0},"end":{"line":40,"column":0}},"40":{"start":{"line":41,"column":0},"end":{"line":41,"column":37}},"41":{"start":{"line":42,"column":0},"end":{"line":42,"column":35}},"42":{"start":{"line":43,"column":0},"end":{"line":43,"column":29}},"43":{"start":{"line":44,"column":0},"end":{"line":44,"column":44}},"44":{"start":{"line":45,"column":0},"end":{"line":45,"column":5}},"45":{"start":{"line":46,"column":0},"end":{"line":46,"column":26}},"46":{"start":{"line":47,"column":0},"end":{"line":47,"column":59}},"47":{"start":{"line":48,"column":0},"end":{"line":48,"column":23}},"48":{"start":{"line":49,"column":0},"end":{"line":49,"column":31}},"49":{"start":{"line":50,"column":0},"end":{"line":50,"column":9}},"50":{"start":{"line":51,"column":0},"end":{"line":51,"column":7}},"51":{"start":{"line":52,"column":0},"end":{"line":52,"column":5}},"52":{"start":{"line":53,"column":0},"end":{"line":53,"column":3}}},"s":{"0":1,"1":1,"2":1,"3":1,"4":1,"5":1,"6":1,"7":1,"8":1,"9":8,"10":8,"11":2,"12":2,"13":2,"14":2,"15":2,"16":2,"17":8,"18":8,"19":1,"20":1,"21":1,"22":1,"23":1,"24":1,"25":1,"26":1,"27":8,"28":8,"29":4,"30":4,"31":4,"32":4,"33":4,"34":4,"35":4,"36":8,"37":8,"38":1,"39":1,"40":1,"41":1,"42":1,"43":1,"44":1,"45":1,"46":8,"47":8,"48":3,"49":3,"50":8,"51":8,"52":1},"branchMap":{"0":{"type":"branch","line":9,"loc":{"start":{"line":9,"column":13},"end":{"line":19,"column":5}},"locations":[{"start":{"line":9,"column":13},"end":{"line":19,"column":5}}]},"1":{"type":"branch","line":11,"loc":{"start":{"line":11,"column":13},"end":{"line":17,"column":9}},"locations":[{"start":{"line":11,"column":13},"end":{"line":17,"column":9}}]},"2":{"type":"branch","line":27,"loc":{"start":{"line":27,"column":13},"end":{"line":38,"column":5}},"locations":[{"start":{"line":27,"column":13},"end":{"line":38,"column":5}}]},"3":{"type":"branch","line":29,"loc":{"start":{"line":29,"column":13},"end":{"line":36,"column":9}},"locations":[{"start":{"line":29,"column":13},"end":{"line":36,"column":9}}]},"4":{"type":"branch","line":46,"loc":{"start":{"line":46,"column":13},"end":{"line":52,"column":5}},"locations":[{"start":{"line":46,"column":13},"end":{"line":52,"column":5}}]},"5":{"type":"branch","line":48,"loc":{"start":{"line":48,"column":13},"end":{"line":50,"column":9}},"locations":[{"start":{"line":48,"column":13},"end":{"line":50,"column":9}}]}},"b":{"0":[8],"1":[2],"2":[8],"3":[4],"4":[8],"5":[3]},"fnMap":{"0":{"name":"endpoints","decl":{"start":{"line":9,"column":13},"end":{"line":19,"column":5}},"loc":{"start":{"line":9,"column":13},"end":{"line":19,"column":5}},"line":9},"1":{"name":"query","decl":{"start":{"line":11,"column":13},"end":{"line":17,"column":9}},"loc":{"start":{"line":11,"column":13},"end":{"line":17,"column":9}},"line":11},"2":{"name":"endpoints","decl":{"start":{"line":27,"column":13},"end":{"line":38,"column":5}},"loc":{"start":{"line":27,"column":13},"end":{"line":38,"column":5}},"line":27},"3":{"name":"query","decl":{"start":{"line":29,"column":13},"end":{"line":36,"column":9}},"loc":{"start":{"line":29,"column":13},"end":{"line":36,"column":9}},"line":29},"4":{"name":"endpoints","decl":{"start":{"line":46,"column":13},"end":{"line":52,"column":5}},"loc":{"start":{"line":46,"column":13},"end":{"line":52,"column":5}},"line":46},"5":{"name":"query","decl":{"start":{"line":48,"column":13},"end":{"line":50,"column":9}},"loc":{"start":{"line":48,"column":13},"end":{"line":50,"column":9}},"line":48}},"f":{"0":8,"1":2,"2":8,"3":4,"4":8,"5":3}}
,"C:\\Users\\vernu\\Desktop\\react-application\\src\\store\\store.ts": {"path":"C:\\Users\\vernu\\Desktop\\react-application\\src\\store\\store.ts","all":false,"statementMap":{"0":{"start":{"line":1,"column":0},"end":{"line":1,"column":8}},"1":{"start":{"line":2,"column":0},"end":{"line":2,"column":18}},"2":{"start":{"line":3,"column":0},"end":{"line":3,"column":17}},"3":{"start":{"line":4,"column":0},"end":{"line":4,"column":17}},"4":{"start":{"line":5,"column":0},"end":{"line":5,"column":26}},"5":{"start":{"line":6,"column":0},"end":{"line":6,"column":63}},"6":{"start":{"line":7,"column":0},"end":{"line":7,"column":72}},"7":{"start":{"line":8,"column":0},"end":{"line":8,"column":89}},"8":{"start":{"line":9,"column":0},"end":{"line":9,"column":77}},"9":{"start":{"line":10,"column":0},"end":{"line":10,"column":0}},"10":{"start":{"line":11,"column":0},"end":{"line":11,"column":27}},"11":{"start":{"line":12,"column":0},"end":{"line":12,"column":18}},"12":{"start":{"line":13,"column":0},"end":{"line":13,"column":24}},"13":{"start":{"line":14,"column":0},"end":{"line":14,"column":1}},"14":{"start":{"line":15,"column":0},"end":{"line":15,"column":37}},"15":{"start":{"line":16,"column":0},"end":{"line":16,"column":20}},"16":{"start":{"line":17,"column":0},"end":{"line":17,"column":26}},"17":{"start":{"line":18,"column":0},"end":{"line":18,"column":55}},"18":{"start":{"line":19,"column":0},"end":{"line":19,"column":61}},"19":{"start":{"line":20,"column":0},"end":{"line":20,"column":3}},"20":{"start":{"line":21,"column":0},"end":{"line":21,"column":0}},"21":{"start":{"line":22,"column":0},"end":{"line":22,"column":37}},"22":{"start":{"line":23,"column":0},"end":{"line":23,"column":23}},"23":{"start":{"line":24,"column":0},"end":{"line":24,"column":68}},"24":{"start":{"line":25,"column":0},"end":{"line":25,"column":34}},"25":{"start":{"line":26,"column":0},"end":{"line":26,"column":32}},"26":{"start":{"line":27,"column":0},"end":{"line":27,"column":34}},"27":{"start":{"line":28,"column":0},"end":{"line":28,"column":6}},"28":{"start":{"line":29,"column":0},"end":{"line":29,"column":3}},"29":{"start":{"line":30,"column":0},"end":{"line":30,"column":0}},"30":{"start":{"line":31,"column":0},"end":{"line":31,"column":58}},"31":{"start":{"line":32,"column":0},"end":{"line":32,"column":0}},"32":{"start":{"line":33,"column":0},"end":{"line":33,"column":48}},"33":{"start":{"line":34,"column":0},"end":{"line":34,"column":0}},"34":{"start":{"line":35,"column":0},"end":{"line":35,"column":75}},"35":{"start":{"line":36,"column":0},"end":{"line":36,"column":25}},"36":{"start":{"line":37,"column":0},"end":{"line":37,"column":25}},"37":{"start":{"line":38,"column":0},"end":{"line":38,"column":70}},"38":{"start":{"line":39,"column":0},"end":{"line":39,"column":36}},"39":{"start":{"line":40,"column":0},"end":{"line":40,"column":34}},"40":{"start":{"line":41,"column":0},"end":{"line":41,"column":36}},"41":{"start":{"line":42,"column":0},"end":{"line":42,"column":8}},"42":{"start":{"line":43,"column":0},"end":{"line":43,"column":19}},"43":{"start":{"line":44,"column":0},"end":{"line":44,"column":5}},"44":{"start":{"line":45,"column":0},"end":{"line":45,"column":2}}},"s":{"0":1,"1":1,"2":1,"3":1,"4":1,"5":1,"6":1,"7":1,"8":1,"9":1,"10":1,"11":1,"12":1,"13":1,"14":1,"15":1,"16":1,"17":1,"18":1,"19":1,"20":1,"21":1,"22":1,"23":1,"24":7,"25":7,"26":7,"27":7,"28":1,"29":1,"30":1,"31":1,"32":1,"33":1,"34":1,"35":11,"36":11,"37":11,"38":11,"39":11,"40":11,"41":11,"42":11,"43":11,"44":11},"branchMap":{"0":{"type":"branch","line":24,"loc":{"start":{"line":24,"column":14},"end":{"line":28,"column":6}},"locations":[{"start":{"line":24,"column":14},"end":{"line":28,"column":6}}]},"1":{"type":"branch","line":35,"loc":{"start":{"line":35,"column":26},"end":{"line":45,"column":2}},"locations":[{"start":{"line":35,"column":26},"end":{"line":45,"column":2}}]},"2":{"type":"branch","line":38,"loc":{"start":{"line":38,"column":16},"end":{"line":42,"column":8}},"locations":[{"start":{"line":38,"column":16},"end":{"line":42,"column":8}}]}},"b":{"0":[7],"1":[11],"2":[11]},"fnMap":{"0":{"name":"middleware","decl":{"start":{"line":24,"column":14},"end":{"line":28,"column":6}},"loc":{"start":{"line":24,"column":14},"end":{"line":28,"column":6}},"line":24},"1":{"name":"setupStore","decl":{"start":{"line":35,"column":26},"end":{"line":45,"column":2}},"loc":{"start":{"line":35,"column":26},"end":{"line":45,"column":2}},"line":35},"2":{"name":"middleware","decl":{"start":{"line":38,"column":16},"end":{"line":42,"column":8}},"loc":{"start":{"line":38,"column":16},"end":{"line":42,"column":8}},"line":38}},"f":{"0":7,"1":11,"2":11}}
,"C:\\Users\\vernu\\Desktop\\react-application\\src\\store\\reducers\\details-slice.ts": {"path":"C:\\Users\\vernu\\Desktop\\react-application\\src\\store\\reducers\\details-slice.ts","all":false,"statementMap":{"0":{"start":{"line":1,"column":0},"end":{"line":1,"column":47}},"1":{"start":{"line":2,"column":0},"end":{"line":2,"column":54}},"2":{"start":{"line":3,"column":0},"end":{"line":3,"column":0}},"3":{"start":{"line":4,"column":0},"end":{"line":4,"column":31}},"4":{"start":{"line":5,"column":0},"end":{"line":5,"column":25}},"5":{"start":{"line":6,"column":0},"end":{"line":6,"column":20}},"6":{"start":{"line":7,"column":0},"end":{"line":7,"column":28}},"7":{"start":{"line":8,"column":0},"end":{"line":8,"column":27}},"8":{"start":{"line":9,"column":0},"end":{"line":9,"column":1}},"9":{"start":{"line":10,"column":0},"end":{"line":10,"column":0}},"10":{"start":{"line":11,"column":0},"end":{"line":11,"column":36}},"11":{"start":{"line":12,"column":0},"end":{"line":12,"column":23}},"12":{"start":{"line":13,"column":0},"end":{"line":13,"column":19}},"13":{"start":{"line":14,"column":0},"end":{"line":14,"column":26}},"14":{"start":{"line":15,"column":0},"end":{"line":15,"column":27}},"15":{"start":{"line":16,"column":0},"end":{"line":16,"column":2}},"16":{"start":{"line":17,"column":0},"end":{"line":17,"column":0}},"17":{"start":{"line":18,"column":0},"end":{"line":18,"column":41}},"18":{"start":{"line":19,"column":0},"end":{"line":19,"column":18}},"19":{"start":{"line":20,"column":0},"end":{"line":20,"column":15}},"20":{"start":{"line":21,"column":0},"end":{"line":21,"column":13}},"21":{"start":{"line":22,"column":0},"end":{"line":22,"column":69}},"22":{"start":{"line":23,"column":0},"end":{"line":23,"column":46}},"23":{"start":{"line":24,"column":0},"end":{"line":24,"column":6}},"24":{"start":{"line":25,"column":0},"end":{"line":25,"column":68}},"25":{"start":{"line":26,"column":0},"end":{"line":26,"column":44}},"26":{"start":{"line":27,"column":0},"end":{"line":27,"column":6}},"27":{"start":{"line":28,"column":0},"end":{"line":28,"column":64}},"28":{"start":{"line":29,"column":0},"end":{"line":29,"column":39}},"29":{"start":{"line":30,"column":0},"end":{"line":30,"column":6}},"30":{"start":{"line":31,"column":0},"end":{"line":31,"column":66}},"31":{"start":{"line":32,"column":0},"end":{"line":32,"column":43}},"32":{"start":{"line":33,"column":0},"end":{"line":33,"column":6}},"33":{"start":{"line":34,"column":0},"end":{"line":34,"column":4}},"34":{"start":{"line":35,"column":0},"end":{"line":35,"column":3}},"35":{"start":{"line":36,"column":0},"end":{"line":36,"column":0}},"36":{"start":{"line":37,"column":0},"end":{"line":37,"column":14}},"37":{"start":{"line":38,"column":0},"end":{"line":38,"column":22}},"38":{"start":{"line":39,"column":0},"end":{"line":39,"column":20}},"39":{"start":{"line":40,"column":0},"end":{"line":40,"column":18}},"40":{"start":{"line":41,"column":0},"end":{"line":41,"column":19}},"41":{"start":{"line":42,"column":0},"end":{"line":42,"column":25}},"42":{"start":{"line":43,"column":0},"end":{"line":43,"column":0}},"43":{"start":{"line":44,"column":0},"end":{"line":44,"column":36}}},"s":{"0":1,"1":1,"2":1,"3":1,"4":1,"5":1,"6":1,"7":1,"8":1,"9":1,"10":1,"11":1,"12":1,"13":1,"14":1,"15":1,"16":1,"17":1,"18":1,"19":1,"20":1,"21":1,"22":10,"23":10,"24":1,"25":1,"26":1,"27":1,"28":1,"29":1,"30":1,"31":1,"32":1,"33":1,"34":1,"35":1,"36":1,"37":1,"38":1,"39":1,"40":1,"41":1,"42":1,"43":1},"branchMap":{"0":{"type":"branch","line":22,"loc":{"start":{"line":22,"column":25},"end":{"line":24,"column":6}},"locations":[{"start":{"line":22,"column":25},"end":{"line":24,"column":6}}]},"1":{"type":"branch","line":25,"loc":{"start":{"line":25,"column":23},"end":{"line":27,"column":6}},"locations":[{"start":{"line":25,"column":23},"end":{"line":27,"column":6}}]},"2":{"type":"branch","line":28,"loc":{"start":{"line":28,"column":21},"end":{"line":30,"column":6}},"locations":[{"start":{"line":28,"column":21},"end":{"line":30,"column":6}}]},"3":{"type":"branch","line":31,"loc":{"start":{"line":31,"column":22},"end":{"line":33,"column":6}},"locations":[{"start":{"line":31,"column":22},"end":{"line":33,"column":6}}]}},"b":{"0":[10],"1":[1],"2":[1],"3":[1]},"fnMap":{"0":{"name":"setIsDetailsLoading","decl":{"start":{"line":22,"column":25},"end":{"line":24,"column":6}},"loc":{"start":{"line":22,"column":25},"end":{"line":24,"column":6}},"line":22},"1":{"name":"setDetailsContent","decl":{"start":{"line":25,"column":23},"end":{"line":27,"column":6}},"loc":{"start":{"line":25,"column":23},"end":{"line":27,"column":6}},"line":25},"2":{"name":"setDetailsIndex","decl":{"start":{"line":28,"column":21},"end":{"line":30,"column":6}},"loc":{"start":{"line":28,"column":21},"end":{"line":30,"column":6}},"line":28},"3":{"name":"setIsDetailsOpen","decl":{"start":{"line":31,"column":22},"end":{"line":33,"column":6}},"loc":{"start":{"line":31,"column":22},"end":{"line":33,"column":6}},"line":31}},"f":{"0":10,"1":1,"2":1,"3":1}}
,"C:\\Users\\vernu\\Desktop\\react-application\\src\\store\\reducers\\main-slice.ts": {"path":"C:\\Users\\vernu\\Desktop\\react-application\\src\\store\\reducers\\main-slice.ts","all":false,"statementMap":{"0":{"start":{"line":1,"column":0},"end":{"line":1,"column":47}},"1":{"start":{"line":2,"column":0},"end":{"line":2,"column":54}},"2":{"start":{"line":3,"column":0},"end":{"line":3,"column":0}},"3":{"start":{"line":4,"column":0},"end":{"line":4,"column":28}},"4":{"start":{"line":5,"column":0},"end":{"line":5,"column":33}},"5":{"start":{"line":6,"column":0},"end":{"line":6,"column":25}},"6":{"start":{"line":7,"column":0},"end":{"line":7,"column":26}},"7":{"start":{"line":8,"column":0},"end":{"line":8,"column":27}},"8":{"start":{"line":9,"column":0},"end":{"line":9,"column":22}},"9":{"start":{"line":10,"column":0},"end":{"line":10,"column":1}},"10":{"start":{"line":11,"column":0},"end":{"line":11,"column":0}},"11":{"start":{"line":12,"column":0},"end":{"line":12,"column":20}},"12":{"start":{"line":13,"column":0},"end":{"line":13,"column":16}},"13":{"start":{"line":14,"column":0},"end":{"line":14,"column":22}},"14":{"start":{"line":15,"column":0},"end":{"line":15,"column":13}},"15":{"start":{"line":16,"column":0},"end":{"line":16,"column":2}},"16":{"start":{"line":17,"column":0},"end":{"line":17,"column":0}},"17":{"start":{"line":18,"column":0},"end":{"line":18,"column":33}},"18":{"start":{"line":19,"column":0},"end":{"line":19,"column":63}},"19":{"start":{"line":20,"column":0},"end":{"line":20,"column":23}},"20":{"start":{"line":21,"column":0},"end":{"line":21,"column":21}},"21":{"start":{"line":22,"column":0},"end":{"line":22,"column":62}},"22":{"start":{"line":23,"column":0},"end":{"line":23,"column":44}},"23":{"start":{"line":24,"column":0},"end":{"line":24,"column":2}},"24":{"start":{"line":25,"column":0},"end":{"line":25,"column":0}},"25":{"start":{"line":26,"column":0},"end":{"line":26,"column":38}},"26":{"start":{"line":27,"column":0},"end":{"line":27,"column":15}},"27":{"start":{"line":28,"column":0},"end":{"line":28,"column":15}},"28":{"start":{"line":29,"column":0},"end":{"line":29,"column":13}},"29":{"start":{"line":30,"column":0},"end":{"line":30,"column":71}},"30":{"start":{"line":31,"column":0},"end":{"line":31,"column":45}},"31":{"start":{"line":32,"column":0},"end":{"line":32,"column":34}},"32":{"start":{"line":33,"column":0},"end":{"line":33,"column":6}},"33":{"start":{"line":34,"column":0},"end":{"line":34,"column":62}},"34":{"start":{"line":35,"column":0},"end":{"line":35,"column":43}},"35":{"start":{"line":36,"column":0},"end":{"line":36,"column":6}},"36":{"start":{"line":37,"column":0},"end":{"line":37,"column":63}},"37":{"start":{"line":38,"column":0},"end":{"line":38,"column":45}},"38":{"start":{"line":39,"column":0},"end":{"line":39,"column":6}},"39":{"start":{"line":40,"column":0},"end":{"line":40,"column":68}},"40":{"start":{"line":41,"column":0},"end":{"line":41,"column":46}},"41":{"start":{"line":42,"column":0},"end":{"line":42,"column":6}},"42":{"start":{"line":43,"column":0},"end":{"line":43,"column":63}},"43":{"start":{"line":44,"column":0},"end":{"line":44,"column":41}},"44":{"start":{"line":45,"column":0},"end":{"line":45,"column":6}},"45":{"start":{"line":46,"column":0},"end":{"line":46,"column":4}},"46":{"start":{"line":47,"column":0},"end":{"line":47,"column":3}},"47":{"start":{"line":48,"column":0},"end":{"line":48,"column":0}},"48":{"start":{"line":49,"column":0},"end":{"line":49,"column":14}},"49":{"start":{"line":50,"column":0},"end":{"line":50,"column":18}},"50":{"start":{"line":51,"column":0},"end":{"line":51,"column":15}},"51":{"start":{"line":52,"column":0},"end":{"line":52,"column":17}},"52":{"start":{"line":53,"column":0},"end":{"line":53,"column":22}},"53":{"start":{"line":54,"column":0},"end":{"line":54,"column":17}},"54":{"start":{"line":55,"column":0},"end":{"line":55,"column":22}},"55":{"start":{"line":56,"column":0},"end":{"line":56,"column":0}},"56":{"start":{"line":57,"column":0},"end":{"line":57,"column":33}}},"s":{"0":1,"1":1,"2":1,"3":1,"4":1,"5":1,"6":1,"7":1,"8":1,"9":1,"10":1,"11":1,"12":1,"13":1,"14":1,"15":1,"16":1,"17":1,"18":1,"19":1,"20":1,"21":1,"22":1,"23":1,"24":1,"25":1,"26":1,"27":1,"28":1,"29":1,"30":0,"31":0,"32":0,"33":1,"34":22,"35":22,"36":1,"37":0,"38":0,"39":1,"40":0,"41":0,"42":1,"43":3,"44":3,"45":1,"46":1,"47":1,"48":1,"49":1,"50":1,"51":1,"52":1,"53":1,"54":1,"55":1,"56":1},"branchMap":{"0":{"type":"branch","line":34,"loc":{"start":{"line":34,"column":18},"end":{"line":36,"column":6}},"locations":[{"start":{"line":34,"column":18},"end":{"line":36,"column":6}}]},"1":{"type":"branch","line":43,"loc":{"start":{"line":43,"column":20},"end":{"line":45,"column":6}},"locations":[{"start":{"line":43,"column":20},"end":{"line":45,"column":6}}]}},"b":{"0":[22],"1":[3]},"fnMap":{"0":{"name":"setResultsItems","decl":{"start":{"line":30,"column":21},"end":{"line":33,"column":6}},"loc":{"start":{"line":30,"column":21},"end":{"line":33,"column":6}},"line":30},"1":{"name":"setisLoading","decl":{"start":{"line":34,"column":18},"end":{"line":36,"column":6}},"loc":{"start":{"line":34,"column":18},"end":{"line":36,"column":6}},"line":34},"2":{"name":"setPagesNumber","decl":{"start":{"line":37,"column":20},"end":{"line":39,"column":6}},"loc":{"start":{"line":37,"column":20},"end":{"line":39,"column":6}},"line":37},"3":{"name":"setSearchInputValue","decl":{"start":{"line":40,"column":25},"end":{"line":42,"column":6}},"loc":{"start":{"line":40,"column":25},"end":{"line":42,"column":6}},"line":40},"4":{"name":"setCurrentPage","decl":{"start":{"line":43,"column":20},"end":{"line":45,"column":6}},"loc":{"start":{"line":43,"column":20},"end":{"line":45,"column":6}},"line":43}},"f":{"0":0,"1":22,"2":0,"3":0,"4":3}}
,"C:\\Users\\vernu\\Desktop\\react-application\\src\\utils\\utils.ts": {"path":"C:\\Users\\vernu\\Desktop\\react-application\\src\\utils\\utils.ts","all":false,"statementMap":{"0":{"start":{"line":1,"column":0},"end":{"line":1,"column":55}},"1":{"start":{"line":2,"column":0},"end":{"line":2,"column":28}},"2":{"start":{"line":3,"column":0},"end":{"line":3,"column":23}},"3":{"start":{"line":4,"column":0},"end":{"line":4,"column":10}},"4":{"start":{"line":5,"column":0},"end":{"line":5,"column":49}},"5":{"start":{"line":6,"column":0},"end":{"line":6,"column":3}},"6":{"start":{"line":7,"column":0},"end":{"line":7,"column":2}}},"s":{"0":1,"1":15,"2":12,"3":14,"4":3,"5":3,"6":15},"branchMap":{"0":{"type":"branch","line":1,"loc":{"start":{"line":1,"column":29},"end":{"line":7,"column":2}},"locations":[{"start":{"line":1,"column":29},"end":{"line":7,"column":2}}]},"1":{"type":"branch","line":2,"loc":{"start":{"line":2,"column":27},"end":{"line":6,"column":3}},"locations":[{"start":{"line":2,"column":27},"end":{"line":6,"column":3}}]},"2":{"type":"branch","line":2,"loc":{"start":{"line":2,"column":27},"end":{"line":4,"column":9}},"locations":[{"start":{"line":2,"column":27},"end":{"line":4,"column":9}}]},"3":{"type":"branch","line":4,"loc":{"start":{"line":4,"column":2},"end":{"line":6,"column":3}},"locations":[{"start":{"line":4,"column":2},"end":{"line":6,"column":3}}]}},"b":{"0":[15],"1":[14],"2":[12],"3":[3]},"fnMap":{"0":{"name":"getPagesRange","decl":{"start":{"line":1,"column":29},"end":{"line":7,"column":2}},"loc":{"start":{"line":1,"column":29},"end":{"line":7,"column":2}},"line":1}},"f":{"0":15}}
}
